  pch.cpp
  ChessEngine.cpp
C:\Users\Cosmin\Desktop\Licenta\ChessEngine\ChessEngine\ChessEngine.cpp(942,23): warning C4267: '=': conversion from 'size_t' to 'int', possible loss of data
  (compiling source file '/ChessEngine.cpp')
  
C:\Users\Cosmin\Desktop\Licenta\ChessEngine\ChessEngine\ChessEngine.cpp(1298,18): warning C4267: 'initializing': conversion from 'size_t' to 'int', possible loss of data
  (compiling source file '/ChessEngine.cpp')
  
C:\Users\Cosmin\Desktop\Licenta\ChessEngine\ChessEngine\ChessEngine.cpp(1885,39): warning C4267: '=': conversion from 'size_t' to 'int', possible loss of data
  (compiling source file '/ChessEngine.cpp')
  
C:\Users\Cosmin\Desktop\Licenta\ChessEngine\ChessEngine\ChessEngine.cpp(1886,39): warning C4267: '=': conversion from 'size_t' to 'int', possible loss of data
  (compiling source file '/ChessEngine.cpp')
  
C:\Users\Cosmin\Desktop\Licenta\ChessEngine\ChessEngine\ChessEngine.cpp(2029,32): warning C4267: 'initializing': conversion from 'size_t' to 'int', possible loss of data
  (compiling source file '/ChessEngine.cpp')
  
C:\Users\Cosmin\Desktop\Licenta\ChessEngine\ChessEngine\ChessEngine.cpp(2780,47): warning C4244: 'initializing': conversion from 'double' to 'int', possible loss of data
  (compiling source file '/ChessEngine.cpp')
  
C:\Users\Cosmin\Desktop\Licenta\ChessEngine\ChessEngine\ChessEngine.cpp(2781,47): warning C4244: 'initializing': conversion from 'double' to 'int', possible loss of data
  (compiling source file '/ChessEngine.cpp')
  
C:\Users\Cosmin\Desktop\Licenta\ChessEngine\ChessEngine\ChessEngine.cpp(2789,62): warning C4267: '+=': conversion from 'size_t' to 'int', possible loss of data
  (compiling source file '/ChessEngine.cpp')
  
C:\Users\Cosmin\Desktop\Licenta\ChessEngine\ChessEngine\ChessEngine.cpp(3046,30): warning C4267: 'initializing': conversion from 'size_t' to 'int', possible loss of data
  (compiling source file '/ChessEngine.cpp')
  
C:\Users\Cosmin\Desktop\Licenta\ChessEngine\ChessEngine\ChessEngine.cpp(3158,30): warning C4267: 'initializing': conversion from 'size_t' to 'int', possible loss of data
  (compiling source file '/ChessEngine.cpp')
  
C:\Users\Cosmin\Desktop\Licenta\ChessEngine\ChessEngine\ChessEngine.cpp(3235,33): warning C4244: 'initializing': conversion from '__int64' to 'int', possible loss of data
  (compiling source file '/ChessEngine.cpp')
  
C:\Users\Cosmin\Desktop\Licenta\ChessEngine\ChessEngine\ChessEngine.cpp(3521,67): warning C4267: '+=': conversion from 'size_t' to '_Ty1', possible loss of data
C:\Users\Cosmin\Desktop\Licenta\ChessEngine\ChessEngine\ChessEngine.cpp(3521,67): warning C4267:         with
C:\Users\Cosmin\Desktop\Licenta\ChessEngine\ChessEngine\ChessEngine.cpp(3521,67): warning C4267:         [
C:\Users\Cosmin\Desktop\Licenta\ChessEngine\ChessEngine\ChessEngine.cpp(3521,67): warning C4267:             _Ty1=int
C:\Users\Cosmin\Desktop\Licenta\ChessEngine\ChessEngine\ChessEngine.cpp(3521,67): warning C4267:         ]
  (compiling source file '/ChessEngine.cpp')
  
C:\Users\Cosmin\Desktop\Licenta\ChessEngine\ChessEngine\ChessEngine.cpp(3800,64): warning C4267: '=': conversion from 'size_t' to 'int', possible loss of data
  (compiling source file '/ChessEngine.cpp')
  
  dllmain.cpp
  Generating Code...
  LINK : C:\Users\Cosmin\Desktop\Licenta\ChessEngine\x64\Debug\ChessEngine.dll not found or not built by the last incremental link; performing full link
     Creating library C:\Users\Cosmin\Desktop\Licenta\ChessEngine\x64\Debug\ChessEngine.lib and object C:\Users\Cosmin\Desktop\Licenta\ChessEngine\x64\Debug\ChessEngine.exp
  ChessEngine.vcxproj -> C:\Users\Cosmin\Desktop\Licenta\ChessEngine\x64\Debug\ChessEngine.dll
